<?xml version="1.0" encoding="UTF-8"?>
<testng-results ignored="0" total="6" passed="4" failed="2" skipped="0">
  <reporter-output>
  </reporter-output>
  <suite started-at="2025-06-03T11:52:35 IST" name="Suite" finished-at="2025-06-03T11:54:46 IST" duration-ms="130970">
    <groups>
    </groups>
    <test started-at="2025-06-03T11:52:35 IST" name="Standalone" finished-at="2025-06-03T11:54:32 IST" duration-ms="117657">
      <class name="com.SeleniumDesign.com.SeleniumDesign.Standalone">
        <test-method is-config="true" signature="launchApplication()[pri:0, instance:com.SeleniumDesign.com.SeleniumDesign.Standalone@4b8ee4de]" started-at="2025-06-03T11:52:35 IST" name="launchApplication" finished-at="2025-06-03T11:52:56 IST" duration-ms="21068" status="PASS">
          <reporter-output>
          </reporter-output>
        </test-method> <!-- launchApplication -->
        <test-method signature="urlOpen(java.util.HashMap)[pri:0, instance:com.SeleniumDesign.com.SeleniumDesign.Standalone@4b8ee4de]" started-at="2025-06-03T11:52:56 IST" name="urlOpen" data-provider="dp" finished-at="2025-06-03T11:53:38 IST" duration-ms="42410" status="PASS">
          <params>
            <param index="0">
              <value>
                <![CDATA[{password=12345678@Aa, product=, email=te100st@test.com}]]>
              </value>
            </param>
          </params>
          <reporter-output>
          </reporter-output>
        </test-method> <!-- urlOpen -->
        <test-method is-config="true" signature="closeDriver()[pri:0, instance:com.SeleniumDesign.com.SeleniumDesign.Standalone@4b8ee4de]" started-at="2025-06-03T11:53:38 IST" name="closeDriver" finished-at="2025-06-03T11:53:38 IST" duration-ms="270" status="PASS">
          <reporter-output>
          </reporter-output>
        </test-method> <!-- closeDriver -->
        <test-method is-config="true" signature="launchApplication()[pri:0, instance:com.SeleniumDesign.com.SeleniumDesign.Standalone@4b8ee4de]" started-at="2025-06-03T11:53:38 IST" name="launchApplication" finished-at="2025-06-03T11:53:57 IST" duration-ms="18481" status="PASS">
          <reporter-output>
          </reporter-output>
        </test-method> <!-- launchApplication -->
        <test-method signature="urlOpen(java.util.HashMap)[pri:0, instance:com.SeleniumDesign.com.SeleniumDesign.Standalone@4b8ee4de]" started-at="2025-06-03T11:53:57 IST" name="urlOpen" data-provider="dp" finished-at="2025-06-03T11:54:32 IST" duration-ms="35048" status="PASS">
          <params>
            <param index="0">
              <value>
                <![CDATA[{password=12345678@Aa, product=, email=te100st@test.com}]]>
              </value>
            </param>
          </params>
          <reporter-output>
          </reporter-output>
        </test-method> <!-- urlOpen -->
        <test-method is-config="true" signature="closeDriver()[pri:0, instance:com.SeleniumDesign.com.SeleniumDesign.Standalone@4b8ee4de]" started-at="2025-06-03T11:54:32 IST" name="closeDriver" finished-at="2025-06-03T11:54:32 IST" duration-ms="228" status="PASS">
          <reporter-output>
          </reporter-output>
        </test-method> <!-- closeDriver -->
      </class> <!-- com.SeleniumDesign.com.SeleniumDesign.Standalone -->
    </test> <!-- Standalone -->
    <test started-at="2025-06-03T11:52:35 IST" name="ErrorValidation" finished-at="2025-06-03T11:54:46 IST" duration-ms="130970">
      <class name="com.SeleniumDesign.com.SeleniumDesign.ErrorValidation">
        <test-method is-config="true" signature="launchApplication()[pri:0, instance:com.SeleniumDesign.com.SeleniumDesign.ErrorValidation@4b741d6d]" started-at="2025-06-03T11:52:35 IST" name="launchApplication" finished-at="2025-06-03T11:52:56 IST" duration-ms="21068" status="PASS">
          <reporter-output>
          </reporter-output>
        </test-method> <!-- launchApplication -->
        <test-method signature="checkErrorMessage(java.util.HashMap)[pri:0, instance:com.SeleniumDesign.com.SeleniumDesign.ErrorValidation@4b741d6d]" started-at="2025-06-03T11:52:56 IST" name="checkErrorMessage" data-provider="dp" finished-at="2025-06-03T11:53:08 IST" duration-ms="12377" status="FAIL">
          <params>
            <param index="0">
              <value>
                <![CDATA[{password=12345678@Aa, product=, email=te100st@test.com}]]>
              </value>
            </param>
          </params>
          <exception class="org.openqa.selenium.NoSuchElementException">
            <message>
              <![CDATA[no such element: Unable to locate element: {"method":"css selector","selector":"[class*=flyInOut]"}
  (Session info: chrome=133.0.6943.98)
For documentation on this error, please visit: https://www.selenium.dev/documentation/webdriver/troubleshooting/errors#no-such-element-exception
Build info: version: '4.31.0', revision: '1ef9f18787*'
System info: os.name: 'Mac OS X', os.arch: 'aarch64', os.version: '15.3.1', java.version: '17.0.12'
Driver info: org.openqa.selenium.chrome.ChromeDriver
Command: [05b95aca3bc051238c39882f57cce98b, findElement {value=[class*=flyInOut], using=css selector}]
Capabilities {acceptInsecureCerts: false, browserName: chrome, browserVersion: 133.0.6943.98, chrome: {chromedriverVersion: 133.0.6943.141 (2a5d6da0d61..., userDataDir: /var/folders/wp/34bv3qf95ld...}, fedcm:accounts: true, goog:chromeOptions: {debuggerAddress: localhost:50558}, networkConnectionEnabled: false, pageLoadStrategy: normal, platformName: mac, proxy: Proxy(), se:cdp: ws://localhost:50558/devtoo..., se:cdpVersion: 133.0.6943.98, setWindowRect: true, strictFileInteractability: false, timeouts: {implicit: 0, pageLoad: 300000, script: 30000}, unhandledPromptBehavior: dismiss and notify, webauthn:extension:credBlob: true, webauthn:extension:largeBlob: true, webauthn:extension:minPinLength: true, webauthn:extension:prf: true, webauthn:virtualAuthenticators: true}
Session ID: 05b95aca3bc051238c39882f57cce98b]]>
            </message>
            <full-stacktrace>
              <![CDATA[org.openqa.selenium.NoSuchElementException: no such element: Unable to locate element: {"method":"css selector","selector":"[class*=flyInOut]"}
  (Session info: chrome=133.0.6943.98)
For documentation on this error, please visit: https://www.selenium.dev/documentation/webdriver/troubleshooting/errors#no-such-element-exception
Build info: version: '4.31.0', revision: '1ef9f18787*'
System info: os.name: 'Mac OS X', os.arch: 'aarch64', os.version: '15.3.1', java.version: '17.0.12'
Driver info: org.openqa.selenium.chrome.ChromeDriver
Command: [05b95aca3bc051238c39882f57cce98b, findElement {value=[class*=flyInOut], using=css selector}]
Capabilities {acceptInsecureCerts: false, browserName: chrome, browserVersion: 133.0.6943.98, chrome: {chromedriverVersion: 133.0.6943.141 (2a5d6da0d61..., userDataDir: /var/folders/wp/34bv3qf95ld...}, fedcm:accounts: true, goog:chromeOptions: {debuggerAddress: localhost:50558}, networkConnectionEnabled: false, pageLoadStrategy: normal, platformName: mac, proxy: Proxy(), se:cdp: ws://localhost:50558/devtoo..., se:cdpVersion: 133.0.6943.98, setWindowRect: true, strictFileInteractability: false, timeouts: {implicit: 0, pageLoad: 300000, script: 30000}, unhandledPromptBehavior: dismiss and notify, webauthn:extension:credBlob: true, webauthn:extension:largeBlob: true, webauthn:extension:minPinLength: true, webauthn:extension:prf: true, webauthn:virtualAuthenticators: true}
Session ID: 05b95aca3bc051238c39882f57cce98b
at java.base/jdk.internal.reflect.NativeConstructorAccessorImpl.newInstance0(Native Method)
at java.base/jdk.internal.reflect.NativeConstructorAccessorImpl.newInstance(NativeConstructorAccessorImpl.java:77)
at java.base/jdk.internal.reflect.DelegatingConstructorAccessorImpl.newInstance(DelegatingConstructorAccessorImpl.java:45)
at java.base/java.lang.reflect.Constructor.newInstanceWithCaller(Constructor.java:499)
at java.base/java.lang.reflect.Constructor.newInstance(Constructor.java:480)
at org.openqa.selenium.remote.ErrorCodec.decode(ErrorCodec.java:167)
at org.openqa.selenium.remote.codec.w3c.W3CHttpResponseCodec.decode(W3CHttpResponseCodec.java:138)
at org.openqa.selenium.remote.codec.w3c.W3CHttpResponseCodec.decode(W3CHttpResponseCodec.java:50)
at org.openqa.selenium.remote.HttpCommandExecutor.execute(HttpCommandExecutor.java:215)
at org.openqa.selenium.remote.service.DriverCommandExecutor.invokeExecute(DriverCommandExecutor.java:216)
at org.openqa.selenium.remote.service.DriverCommandExecutor.execute(DriverCommandExecutor.java:174)
at org.openqa.selenium.remote.RemoteWebDriver.execute(RemoteWebDriver.java:545)
at org.openqa.selenium.remote.ElementLocation$ElementFinder$2.findElement(ElementLocation.java:165)
at org.openqa.selenium.remote.ElementLocation.findElement(ElementLocation.java:59)
at org.openqa.selenium.remote.RemoteWebDriver.findElement(RemoteWebDriver.java:368)
at org.openqa.selenium.remote.RemoteWebDriver.findElement(RemoteWebDriver.java:362)
at org.openqa.selenium.support.pagefactory.DefaultElementLocator.findElement(DefaultElementLocator.java:68)
at org.openqa.selenium.support.pagefactory.internal.LocatingElementHandler.invoke(LocatingElementHandler.java:38)
at jdk.proxy2/jdk.proxy2.$Proxy16.getText(Unknown Source)
at seleniumDesign.pageObject.LandingPage.getErrorMessage(LandingPage.java:43)
at com.SeleniumDesign.com.SeleniumDesign.ErrorValidation.checkErrorMessage(ErrorValidation.java:26)
at java.base/jdk.internal.reflect.NativeMethodAccessorImpl.invoke0(Native Method)
at java.base/jdk.internal.reflect.NativeMethodAccessorImpl.invoke(NativeMethodAccessorImpl.java:77)
at java.base/jdk.internal.reflect.DelegatingMethodAccessorImpl.invoke(DelegatingMethodAccessorImpl.java:43)
at java.base/java.lang.reflect.Method.invoke(Method.java:568)
at org.testng.internal.MethodInvocationHelper.invokeMethod(MethodInvocationHelper.java:133)
at org.testng.internal.TestInvoker.invokeMethod(TestInvoker.java:598)
at org.testng.internal.TestInvoker.invokeTestMethod(TestInvoker.java:173)
at org.testng.internal.MethodRunner.runInSequence(MethodRunner.java:46)
at org.testng.internal.TestInvoker$MethodInvocationAgent.invoke(TestInvoker.java:824)
at org.testng.internal.TestInvoker.invokeTestMethods(TestInvoker.java:146)
at org.testng.internal.TestMethodWorker.invokeTestMethods(TestMethodWorker.java:146)
at org.testng.internal.TestMethodWorker.run(TestMethodWorker.java:128)
at java.base/java.util.ArrayList.forEach(ArrayList.java:1511)
at org.testng.TestRunner.privateRun(TestRunner.java:794)
at org.testng.TestRunner.run(TestRunner.java:596)
at org.testng.SuiteRunner.runTest(SuiteRunner.java:377)
at org.testng.SuiteRunner.access$000(SuiteRunner.java:28)
at org.testng.SuiteRunner$SuiteWorker.run(SuiteRunner.java:418)
at org.testng.internal.thread.ThreadUtil.lambda$execute$0(ThreadUtil.java:64)
at java.base/java.util.concurrent.FutureTask.run(FutureTask.java:264)
at java.base/java.util.concurrent.ThreadPoolExecutor.runWorker(ThreadPoolExecutor.java:1136)
at java.base/java.util.concurrent.ThreadPoolExecutor$Worker.run(ThreadPoolExecutor.java:635)
at java.base/java.lang.Thread.run(Thread.java:842)
]]>
            </full-stacktrace>
          </exception> <!-- org.openqa.selenium.NoSuchElementException -->
          <reporter-output>
          </reporter-output>
        </test-method> <!-- checkErrorMessage -->
        <test-method is-config="true" signature="closeDriver()[pri:0, instance:com.SeleniumDesign.com.SeleniumDesign.ErrorValidation@4b741d6d]" started-at="2025-06-03T11:53:09 IST" name="closeDriver" finished-at="2025-06-03T11:53:09 IST" duration-ms="407" status="PASS">
          <reporter-output>
          </reporter-output>
        </test-method> <!-- closeDriver -->
        <test-method is-config="true" signature="launchApplication()[pri:0, instance:com.SeleniumDesign.com.SeleniumDesign.ErrorValidation@4b741d6d]" started-at="2025-06-03T11:53:09 IST" name="launchApplication" finished-at="2025-06-03T11:53:30 IST" duration-ms="20992" status="PASS">
          <reporter-output>
          </reporter-output>
        </test-method> <!-- launchApplication -->
        <test-method signature="checkErrorMessage(java.util.HashMap)[pri:0, instance:com.SeleniumDesign.com.SeleniumDesign.ErrorValidation@4b741d6d]" started-at="2025-06-03T11:53:30 IST" name="checkErrorMessage" data-provider="dp" finished-at="2025-06-03T11:53:41 IST" duration-ms="10919" status="FAIL">
          <params>
            <param index="0">
              <value>
                <![CDATA[{password=12345678@Aa, product=, email=te100st@test.com}]]>
              </value>
            </param>
          </params>
          <exception class="java.lang.AssertionError">
            <message>
              <![CDATA[expected [Incorrect email or password.] but found [Login Successfully]]]>
            </message>
            <full-stacktrace>
              <![CDATA[java.lang.AssertionError: expected [Incorrect email or password.] but found [Login Successfully]
at org.testng.Assert.fail(Assert.java:99)
at org.testng.Assert.failNotEquals(Assert.java:1037)
at org.testng.Assert.assertEqualsImpl(Assert.java:140)
at org.testng.Assert.assertEquals(Assert.java:122)
at org.testng.Assert.assertEquals(Assert.java:629)
at org.testng.Assert.assertEquals(Assert.java:639)
at com.SeleniumDesign.com.SeleniumDesign.ErrorValidation.checkErrorMessage(ErrorValidation.java:27)
at java.base/jdk.internal.reflect.NativeMethodAccessorImpl.invoke0(Native Method)
at java.base/jdk.internal.reflect.NativeMethodAccessorImpl.invoke(NativeMethodAccessorImpl.java:77)
at java.base/jdk.internal.reflect.DelegatingMethodAccessorImpl.invoke(DelegatingMethodAccessorImpl.java:43)
at java.base/java.lang.reflect.Method.invoke(Method.java:568)
at org.testng.internal.MethodInvocationHelper.invokeMethod(MethodInvocationHelper.java:133)
at org.testng.internal.TestInvoker.invokeMethod(TestInvoker.java:598)
at org.testng.internal.TestInvoker.invokeTestMethod(TestInvoker.java:173)
at org.testng.internal.MethodRunner.runInSequence(MethodRunner.java:46)
at org.testng.internal.TestInvoker$MethodInvocationAgent.invoke(TestInvoker.java:824)
at org.testng.internal.TestInvoker.invokeTestMethods(TestInvoker.java:146)
at org.testng.internal.TestMethodWorker.invokeTestMethods(TestMethodWorker.java:146)
at org.testng.internal.TestMethodWorker.run(TestMethodWorker.java:128)
at java.base/java.util.ArrayList.forEach(ArrayList.java:1511)
at org.testng.TestRunner.privateRun(TestRunner.java:794)
at org.testng.TestRunner.run(TestRunner.java:596)
at org.testng.SuiteRunner.runTest(SuiteRunner.java:377)
at org.testng.SuiteRunner.access$000(SuiteRunner.java:28)
at org.testng.SuiteRunner$SuiteWorker.run(SuiteRunner.java:418)
at org.testng.internal.thread.ThreadUtil.lambda$execute$0(ThreadUtil.java:64)
at java.base/java.util.concurrent.FutureTask.run(FutureTask.java:264)
at java.base/java.util.concurrent.ThreadPoolExecutor.runWorker(ThreadPoolExecutor.java:1136)
at java.base/java.util.concurrent.ThreadPoolExecutor$Worker.run(ThreadPoolExecutor.java:635)
at java.base/java.lang.Thread.run(Thread.java:842)
]]>
            </full-stacktrace>
          </exception> <!-- java.lang.AssertionError -->
          <reporter-output>
          </reporter-output>
        </test-method> <!-- checkErrorMessage -->
        <test-method is-config="true" signature="closeDriver()[pri:0, instance:com.SeleniumDesign.com.SeleniumDesign.ErrorValidation@4b741d6d]" started-at="2025-06-03T11:53:42 IST" name="closeDriver" finished-at="2025-06-03T11:53:42 IST" duration-ms="182" status="PASS">
          <reporter-output>
          </reporter-output>
        </test-method> <!-- closeDriver -->
        <test-method is-config="true" signature="launchApplication()[pri:0, instance:com.SeleniumDesign.com.SeleniumDesign.ErrorValidation@4b741d6d]" started-at="2025-06-03T11:53:42 IST" name="launchApplication" finished-at="2025-06-03T11:53:57 IST" duration-ms="15414" status="PASS">
          <reporter-output>
          </reporter-output>
        </test-method> <!-- launchApplication -->
        <test-method signature="productErrorValidation(java.util.HashMap)[pri:0, instance:com.SeleniumDesign.com.SeleniumDesign.ErrorValidation@4b741d6d]" started-at="2025-06-03T11:53:57 IST" name="productErrorValidation" data-provider="dp" finished-at="2025-06-03T11:54:17 IST" duration-ms="19083" status="PASS">
          <params>
            <param index="0">
              <value>
                <![CDATA[{password=12345678@Aa, product=, email=te100st@test.com}]]>
              </value>
            </param>
          </params>
          <reporter-output>
          </reporter-output>
        </test-method> <!-- productErrorValidation -->
        <test-method is-config="true" signature="closeDriver()[pri:0, instance:com.SeleniumDesign.com.SeleniumDesign.ErrorValidation@4b741d6d]" started-at="2025-06-03T11:54:17 IST" name="closeDriver" finished-at="2025-06-03T11:54:17 IST" duration-ms="246" status="PASS">
          <reporter-output>
          </reporter-output>
        </test-method> <!-- closeDriver -->
        <test-method is-config="true" signature="launchApplication()[pri:0, instance:com.SeleniumDesign.com.SeleniumDesign.ErrorValidation@4b741d6d]" started-at="2025-06-03T11:54:17 IST" name="launchApplication" finished-at="2025-06-03T11:54:33 IST" duration-ms="16374" status="PASS">
          <reporter-output>
          </reporter-output>
        </test-method> <!-- launchApplication -->
        <test-method signature="productErrorValidation(java.util.HashMap)[pri:0, instance:com.SeleniumDesign.com.SeleniumDesign.ErrorValidation@4b741d6d]" started-at="2025-06-03T11:54:33 IST" name="productErrorValidation" data-provider="dp" finished-at="2025-06-03T11:54:45 IST" duration-ms="12037" status="PASS">
          <params>
            <param index="0">
              <value>
                <![CDATA[{password=12345678@Aa, product=, email=te100st@test.com}]]>
              </value>
            </param>
          </params>
          <reporter-output>
          </reporter-output>
        </test-method> <!-- productErrorValidation -->
        <test-method is-config="true" signature="closeDriver()[pri:0, instance:com.SeleniumDesign.com.SeleniumDesign.ErrorValidation@4b741d6d]" started-at="2025-06-03T11:54:45 IST" name="closeDriver" finished-at="2025-06-03T11:54:46 IST" duration-ms="301" status="PASS">
          <reporter-output>
          </reporter-output>
        </test-method> <!-- closeDriver -->
      </class> <!-- com.SeleniumDesign.com.SeleniumDesign.ErrorValidation -->
    </test> <!-- ErrorValidation -->
  </suite> <!-- Suite -->
</testng-results>
